[2025-12-01 10:17:02,339: INFO: main: Welcome to custom logging]
[2025-12-01 16:02:09,127: INFO: common: yaml file: config\config.yaml loaded successfully]
[2025-12-01 16:02:09,161: INFO: common: yaml file: params.yaml loaded successfully]
[2025-12-01 16:03:54,902: INFO: common: yaml file: config\config.yaml loaded successfully]
[2025-12-01 16:03:54,918: INFO: common: yaml file: params.yaml loaded successfully]
[2025-12-01 16:03:54,921: INFO: common: yaml file: schema.yaml loaded successfully]
[2025-12-01 16:03:54,923: INFO: common: created directory at: artifacts]
[2025-12-01 16:03:54,924: INFO: common: created directory at: artifacts/data_ingestion]
[2025-12-01 16:03:56,154: INFO: 1196497530: artifacts/data_ingestion/data.zip downloaded with following ingo: 
Connection: close
Content-Length: 23329
Cache-Control: max-age=300
Content-Security-Policy: default-src 'none'; style-src 'unsafe-inline'; sandbox
Content-Type: application/zip
ETag: "c69888a4ae59bc5a893392785a938ccd4937981c06ba8a9d6a21aa52b4ab5b6e"
Strict-Transport-Security: max-age=31536000
X-Content-Type-Options: nosniff
X-Frame-Options: deny
X-XSS-Protection: 1; mode=block
X-GitHub-Request-Id: A478:14782D:1DB90:32BC2:692D6B8F
Accept-Ranges: bytes
Date: Mon, 01 Dec 2025 10:18:55 GMT
Via: 1.1 varnish
X-Served-By: cache-bom-vanm7210095-BOM
X-Cache: MISS
X-Cache-Hits: 0
X-Timer: S1764584335.306847,VS0,VE249
Vary: Authorization,Accept-Encoding
Access-Control-Allow-Origin: *
Cross-Origin-Resource-Policy: cross-origin
X-Fastly-Request-ID: 082ba304f86fb32ffa13e7c7ce0b8e611ce00881
Expires: Mon, 01 Dec 2025 10:23:55 GMT
Source-Age: 0

]
[2025-12-01 16:53:33,218: INFO: main: >>>>>> stage Data Ingestion stage started <<<<<<]
[2025-12-01 16:53:33,218: INFO: common: yaml file: config\config.yaml loaded successfully]
[2025-12-01 16:53:33,218: INFO: common: yaml file: params.yaml loaded successfully]
[2025-12-01 16:53:33,218: INFO: common: yaml file: schema.yaml loaded successfully]
[2025-12-01 16:53:33,218: INFO: common: created directory at: artifacts]
[2025-12-01 16:53:33,218: INFO: common: created directory at: artifacts/data_ingestion]
[2025-12-01 16:53:34,285: INFO: data_ingestion: artifacts/data_ingestion/data.zip downloaded with following ingo: 
Connection: close
Content-Length: 23329
Cache-Control: max-age=300
Content-Security-Policy: default-src 'none'; style-src 'unsafe-inline'; sandbox
Content-Type: application/zip
ETag: "c69888a4ae59bc5a893392785a938ccd4937981c06ba8a9d6a21aa52b4ab5b6e"
Strict-Transport-Security: max-age=31536000
X-Content-Type-Options: nosniff
X-Frame-Options: deny
X-XSS-Protection: 1; mode=block
X-GitHub-Request-Id: A478:14782D:1DB90:32BC2:692D6B8F
Accept-Ranges: bytes
Date: Mon, 01 Dec 2025 11:08:33 GMT
Via: 1.1 varnish
X-Served-By: cache-bom-vanm7210071-BOM
X-Cache: HIT
X-Cache-Hits: 0
X-Timer: S1764587313.457766,VS0,VE216
Vary: Authorization,Accept-Encoding
Access-Control-Allow-Origin: *
Cross-Origin-Resource-Policy: cross-origin
X-Fastly-Request-ID: 9a6727d0c4983de6d4f422791d86dd18aacd23c6
Expires: Mon, 01 Dec 2025 11:13:33 GMT
Source-Age: 0

]
[2025-12-01 16:53:34,309: INFO: main: >>>>>> stage Data Ingestion stage completed <<<<<<

x==========x]
[2025-12-02 09:06:36,709: INFO: common: yaml file: config\config.yaml loaded successfully]
[2025-12-02 09:06:36,717: INFO: common: yaml file: params.yaml loaded successfully]
[2025-12-02 09:06:36,735: INFO: common: yaml file: schema.yaml loaded successfully]
[2025-12-02 09:06:36,736: INFO: common: created directory at: artifacts]
[2025-12-02 09:06:36,736: INFO: common: created directory at: artifacts/data_ingestion]
[2025-12-02 09:06:36,736: INFO: 1196497530: file already exists]
[2025-12-02 10:32:16,680: INFO: common: yaml file: config\config.yaml loaded successfully]
[2025-12-02 10:32:16,685: INFO: common: yaml file: params.yaml loaded successfully]
[2025-12-02 10:32:16,689: INFO: common: yaml file: schema.yaml loaded successfully]
[2025-12-02 10:32:16,694: INFO: common: created directory at: artifacts]
[2025-12-02 10:32:16,695: INFO: common: created directory at: artifacts/data_ingestion]
[2025-12-02 10:38:59,355: INFO: common: yaml file: config\config.yaml loaded successfully]
[2025-12-02 10:38:59,375: INFO: common: yaml file: params.yaml loaded successfully]
[2025-12-02 10:38:59,389: INFO: common: yaml file: schema.yaml loaded successfully]
[2025-12-02 10:38:59,389: INFO: common: created directory at: artifacts]
[2025-12-02 10:38:59,389: INFO: common: created directory at: artifacts/data_ingestion]
[2025-12-02 10:41:19,417: INFO: common: yaml file: config\config.yaml loaded successfully]
[2025-12-02 10:41:19,419: INFO: common: yaml file: params.yaml loaded successfully]
[2025-12-02 10:41:19,423: INFO: common: yaml file: schema.yaml loaded successfully]
[2025-12-02 10:41:19,424: INFO: common: created directory at: artifacts]
[2025-12-02 10:41:19,427: INFO: common: created directory at: artifacts/data_ingestion]
[2025-12-02 10:44:00,330: INFO: common: yaml file: config\config.yaml loaded successfully]
[2025-12-02 10:44:00,331: INFO: common: yaml file: params.yaml loaded successfully]
[2025-12-02 10:44:00,334: INFO: common: yaml file: schema.yaml loaded successfully]
[2025-12-02 10:44:00,335: INFO: common: created directory at: artifacts]
[2025-12-02 10:44:00,339: INFO: common: created directory at: artifacts/data_validation]
[2025-12-02 10:57:38,311: INFO: main: >>>>>> stage Data Ingestion stage started <<<<<<]
[2025-12-02 10:57:38,319: INFO: common: yaml file: config\config.yaml loaded successfully]
[2025-12-02 10:57:38,319: INFO: common: yaml file: params.yaml loaded successfully]
[2025-12-02 10:57:38,319: INFO: common: yaml file: schema.yaml loaded successfully]
[2025-12-02 10:57:38,319: INFO: common: created directory at: artifacts]
[2025-12-02 10:57:38,319: INFO: common: created directory at: artifacts/data_ingestion]
[2025-12-02 10:57:38,319: INFO: data_ingestion: file already exists]
[2025-12-02 10:57:38,360: INFO: main: >>>>>> stage Data Ingestion stage completed <<<<<<

x==========x]
[2025-12-02 10:57:38,360: INFO: main: >>>>>> stage Data Validation stage started <<<<<<]
[2025-12-02 10:57:38,360: INFO: common: yaml file: config\config.yaml loaded successfully]
[2025-12-02 10:57:38,360: INFO: common: yaml file: params.yaml loaded successfully]
[2025-12-02 10:57:38,360: INFO: common: yaml file: schema.yaml loaded successfully]
[2025-12-02 10:57:38,367: INFO: common: created directory at: artifacts]
[2025-12-02 10:57:38,369: INFO: common: created directory at: artifacts/data_validation]
[2025-12-02 10:57:38,369: INFO: main: >>>>>> stage Data Validation stage completed <<<<<<

x==========x]
[2025-12-02 11:02:20,961: INFO: main: >>>>>> stage Data Ingestion stage started <<<<<<]
[2025-12-02 11:02:20,961: INFO: common: yaml file: config\config.yaml loaded successfully]
[2025-12-02 11:02:20,961: INFO: common: yaml file: params.yaml loaded successfully]
[2025-12-02 11:02:20,970: INFO: common: yaml file: schema.yaml loaded successfully]
[2025-12-02 11:02:20,970: INFO: common: created directory at: artifacts]
[2025-12-02 11:02:20,970: INFO: common: created directory at: artifacts/data_ingestion]
[2025-12-02 11:02:20,970: INFO: data_ingestion: file already exists]
[2025-12-02 11:02:20,970: INFO: main: >>>>>> stage Data Ingestion stage completed <<<<<<

x==========x]
[2025-12-02 11:02:20,970: INFO: main: >>>>>> stage Data Validation stage started <<<<<<]
[2025-12-02 11:02:20,970: INFO: common: yaml file: config\config.yaml loaded successfully]
[2025-12-02 11:02:20,977: INFO: common: yaml file: params.yaml loaded successfully]
[2025-12-02 11:02:20,977: INFO: common: yaml file: schema.yaml loaded successfully]
[2025-12-02 11:02:20,977: INFO: common: created directory at: artifacts]
[2025-12-02 11:02:20,977: INFO: common: created directory at: artifacts/data_validation]
[2025-12-02 11:02:20,977: INFO: main: >>>>>> stage Data Validation stage completed <<<<<<

x==========x]
[2025-12-02 11:08:58,167: INFO: main: >>>>>> stage Data Ingestion stage started <<<<<<]
[2025-12-02 11:08:58,169: INFO: common: yaml file: config\config.yaml loaded successfully]
[2025-12-02 11:08:58,170: INFO: common: yaml file: params.yaml loaded successfully]
[2025-12-02 11:08:58,171: INFO: common: yaml file: schema.yaml loaded successfully]
[2025-12-02 11:08:58,171: INFO: common: created directory at: artifacts]
[2025-12-02 11:08:58,172: INFO: common: created directory at: artifacts/data_ingestion]
[2025-12-02 11:08:58,172: INFO: data_ingestion: file already exists]
[2025-12-02 11:08:58,175: INFO: main: >>>>>> stage Data Ingestion stage completed <<<<<<

x==========x]
[2025-12-02 11:08:58,175: INFO: main: >>>>>> stage Data Validation stage started <<<<<<]
[2025-12-02 11:08:58,175: INFO: common: yaml file: config\config.yaml loaded successfully]
[2025-12-02 11:08:58,177: INFO: common: yaml file: params.yaml loaded successfully]
[2025-12-02 11:08:58,178: INFO: common: yaml file: schema.yaml loaded successfully]
[2025-12-02 11:08:58,178: INFO: common: created directory at: artifacts]
[2025-12-02 11:08:58,179: INFO: common: created directory at: artifacts/data_validation]
[2025-12-02 11:08:58,179: INFO: main: >>>>>> stage Data Validation stage completed <<<<<<

x==========x]
[2025-12-02 11:12:59,962: INFO: main: >>>>>> stage Data Ingestion stage started <<<<<<]
[2025-12-02 11:12:59,963: INFO: common: yaml file: config\config.yaml loaded successfully]
[2025-12-02 11:12:59,963: INFO: common: yaml file: params.yaml loaded successfully]
[2025-12-02 11:12:59,963: INFO: common: yaml file: schema.yaml loaded successfully]
[2025-12-02 11:12:59,963: INFO: common: created directory at: artifacts]
[2025-12-02 11:12:59,963: INFO: common: created directory at: artifacts/data_ingestion]
[2025-12-02 11:12:59,963: INFO: data_ingestion: file already exists]
[2025-12-02 11:12:59,963: INFO: main: >>>>>> stage Data Ingestion stage completed <<<<<<

x==========x]
[2025-12-02 11:12:59,963: INFO: main: >>>>>> stage Data Validation stage started <<<<<<]
[2025-12-02 11:12:59,963: INFO: common: yaml file: config\config.yaml loaded successfully]
[2025-12-02 11:12:59,963: INFO: common: yaml file: params.yaml loaded successfully]
[2025-12-02 11:12:59,963: INFO: common: yaml file: schema.yaml loaded successfully]
[2025-12-02 11:12:59,963: INFO: common: created directory at: artifacts]
[2025-12-02 11:12:59,976: INFO: common: created directory at: artifacts/data_validation]
[2025-12-02 11:12:59,976: INFO: main: >>>>>> stage Data Validation stage completed <<<<<<

x==========x]
[2025-12-02 11:22:00,203: INFO: main: >>>>>> stage Data Ingestion stage started <<<<<<]
[2025-12-02 11:22:00,204: INFO: common: yaml file: config\config.yaml loaded successfully]
[2025-12-02 11:22:00,205: INFO: common: yaml file: params.yaml loaded successfully]
[2025-12-02 11:22:00,206: INFO: common: yaml file: schema.yaml loaded successfully]
[2025-12-02 11:22:00,207: INFO: common: created directory at: artifacts]
[2025-12-02 11:22:00,207: INFO: common: created directory at: artifacts/data_ingestion]
[2025-12-02 11:22:00,208: INFO: data_ingestion: file already exists]
[2025-12-02 11:22:00,210: INFO: main: >>>>>> stage Data Ingestion stage completed <<<<<<

x==========x]
[2025-12-02 11:22:00,210: INFO: main: >>>>>> stage Data Validation stage started <<<<<<]
[2025-12-02 11:22:00,212: INFO: common: yaml file: config\config.yaml loaded successfully]
[2025-12-02 11:22:00,212: INFO: common: yaml file: params.yaml loaded successfully]
[2025-12-02 11:22:00,214: INFO: common: yaml file: schema.yaml loaded successfully]
[2025-12-02 11:22:00,214: INFO: common: created directory at: artifacts]
[2025-12-02 11:22:00,215: INFO: common: created directory at: artifacts/data_validation]
[2025-12-02 11:22:00,243: INFO: main: >>>>>> stage Data Validation stage completed <<<<<<

x==========x]
[2025-12-02 12:21:28,277: INFO: common: yaml file: config\config.yaml loaded successfully]
[2025-12-02 12:21:28,279: INFO: common: yaml file: params.yaml loaded successfully]
[2025-12-02 12:21:28,281: INFO: common: yaml file: schema.yaml loaded successfully]
[2025-12-02 12:21:28,282: INFO: common: created directory at: artifacts]
[2025-12-02 12:21:28,284: INFO: common: created directory at: artifacts/data_transformation]
[2025-12-02 12:22:05,264: INFO: common: yaml file: config\config.yaml loaded successfully]
[2025-12-02 12:22:05,268: INFO: common: yaml file: params.yaml loaded successfully]
[2025-12-02 12:22:05,271: INFO: common: yaml file: schema.yaml loaded successfully]
[2025-12-02 12:22:05,273: INFO: common: created directory at: artifacts]
[2025-12-02 12:22:05,274: INFO: common: created directory at: artifacts/data_transformation]
[2025-12-02 12:22:05,305: INFO: 3892423448: Splitted data into training and test sets]
[2025-12-02 12:22:05,305: INFO: 3892423448: (1199, 12)]
[2025-12-02 12:22:05,305: INFO: 3892423448: (400, 12)]
[2025-12-02 12:56:50,703: INFO: main: >>>>>> stage Data Ingestion stage started <<<<<<]
[2025-12-02 12:56:50,704: INFO: common: yaml file: config\config.yaml loaded successfully]
[2025-12-02 12:56:50,705: INFO: common: yaml file: params.yaml loaded successfully]
[2025-12-02 12:56:50,707: INFO: common: yaml file: schema.yaml loaded successfully]
[2025-12-02 12:56:50,707: INFO: common: created directory at: artifacts]
[2025-12-02 12:56:50,708: INFO: common: created directory at: artifacts/data_ingestion]
[2025-12-02 12:56:50,708: INFO: data_ingestion: file already exists]
[2025-12-02 12:56:50,710: INFO: main: >>>>>> stage Data Ingestion stage completed <<<<<<

x==========x]
[2025-12-02 12:56:50,710: INFO: main: >>>>>> stage Data Validation stage started <<<<<<]
[2025-12-02 12:56:50,712: INFO: common: yaml file: config\config.yaml loaded successfully]
[2025-12-02 12:56:50,712: INFO: common: yaml file: params.yaml loaded successfully]
[2025-12-02 12:56:50,713: INFO: common: yaml file: schema.yaml loaded successfully]
[2025-12-02 12:56:50,714: INFO: common: created directory at: artifacts]
[2025-12-02 12:56:50,714: INFO: common: created directory at: artifacts/data_validation]
[2025-12-02 12:56:50,737: INFO: main: >>>>>> stage Data Validation stage completed <<<<<<

x==========x]
[2025-12-02 12:56:50,737: INFO: main: >>>>>> stage Data Transformation stage started <<<<<<]
[2025-12-02 12:56:50,740: INFO: main: >>>>>> stage Data Transformation stage completed <<<<<<

x==========x]
[2025-12-02 12:58:25,507: INFO: main: >>>>>> stage Data Ingestion stage started <<<<<<]
[2025-12-02 12:58:25,508: INFO: common: yaml file: config\config.yaml loaded successfully]
[2025-12-02 12:58:25,510: INFO: common: yaml file: params.yaml loaded successfully]
[2025-12-02 12:58:25,511: INFO: common: yaml file: schema.yaml loaded successfully]
[2025-12-02 12:58:25,511: INFO: common: created directory at: artifacts]
[2025-12-02 12:58:25,511: INFO: common: created directory at: artifacts/data_ingestion]
[2025-12-02 12:58:25,512: INFO: data_ingestion: file already exists]
[2025-12-02 12:58:25,514: INFO: main: >>>>>> stage Data Ingestion stage completed <<<<<<

x==========x]
[2025-12-02 12:58:25,515: INFO: main: >>>>>> stage Data Validation stage started <<<<<<]
[2025-12-02 12:58:25,516: INFO: common: yaml file: config\config.yaml loaded successfully]
[2025-12-02 12:58:25,517: INFO: common: yaml file: params.yaml loaded successfully]
[2025-12-02 12:58:25,519: INFO: common: yaml file: schema.yaml loaded successfully]
[2025-12-02 12:58:25,521: INFO: common: created directory at: artifacts]
[2025-12-02 12:58:25,521: INFO: common: created directory at: artifacts/data_validation]
[2025-12-02 12:58:25,549: INFO: main: >>>>>> stage Data Validation stage completed <<<<<<

x==========x]
[2025-12-02 12:58:25,552: INFO: main: >>>>>> stage Data Transformation stage started <<<<<<]
[2025-12-02 12:58:25,560: INFO: common: yaml file: config\config.yaml loaded successfully]
[2025-12-02 12:58:25,561: INFO: common: yaml file: params.yaml loaded successfully]
[2025-12-02 12:58:25,566: INFO: common: yaml file: schema.yaml loaded successfully]
[2025-12-02 12:58:25,569: INFO: common: created directory at: artifacts]
[2025-12-02 12:58:25,570: INFO: common: created directory at: artifacts/data_transformation]
[2025-12-02 12:58:25,610: INFO: data_transformation: Splitted data into training and test sets]
[2025-12-02 12:58:25,610: INFO: data_transformation: (1199, 12)]
[2025-12-02 12:58:25,610: INFO: data_transformation: (400, 12)]
[2025-12-02 12:58:25,611: INFO: main: >>>>>> stage Data Transformation stage completed <<<<<<

x==========x]
[2025-12-02 15:46:31,088: INFO: common: yaml file: config\config.yaml loaded successfully]
[2025-12-02 15:46:31,104: INFO: common: yaml file: params.yaml loaded successfully]
[2025-12-02 15:46:31,106: INFO: common: yaml file: schema.yaml loaded successfully]
[2025-12-02 15:46:31,108: INFO: common: created directory at: artifacts]
[2025-12-02 15:48:48,462: INFO: common: yaml file: config\config.yaml loaded successfully]
[2025-12-02 15:48:48,466: INFO: common: yaml file: params.yaml loaded successfully]
[2025-12-02 15:48:48,467: INFO: common: yaml file: schema.yaml loaded successfully]
[2025-12-02 15:48:48,467: INFO: common: created directory at: artifacts]
[2025-12-02 15:48:48,475: INFO: common: created directory at: artifacts/model_trainer]
[2025-12-02 16:06:00,415: INFO: main: >>>>>> stage Data Ingestion Stage started <<<<<<]
[2025-12-02 16:06:00,420: INFO: common: yaml file: config\config.yaml loaded successfully]
[2025-12-02 16:06:00,421: INFO: common: yaml file: params.yaml loaded successfully]
[2025-12-02 16:06:00,421: INFO: common: yaml file: schema.yaml loaded successfully]
[2025-12-02 16:06:00,421: INFO: common: created directory at: artifacts]
[2025-12-02 16:06:00,425: INFO: common: created directory at: artifacts/data_ingestion]
[2025-12-02 16:06:00,425: INFO: data_ingestion: file already exists]
[2025-12-02 16:06:00,425: INFO: main: >>>>>> stage Data Ingestion Stage completed <<<<<<

x==========x]
[2025-12-02 16:06:00,425: INFO: main: >>>>>> stage Data Validation Stage started <<<<<<]
[2025-12-02 16:06:00,425: INFO: common: yaml file: config\config.yaml loaded successfully]
[2025-12-02 16:06:00,431: INFO: common: yaml file: params.yaml loaded successfully]
[2025-12-02 16:06:00,433: INFO: common: yaml file: schema.yaml loaded successfully]
[2025-12-02 16:06:00,433: INFO: common: created directory at: artifacts]
[2025-12-02 16:06:00,433: INFO: common: created directory at: artifacts/data_validation]
[2025-12-02 16:06:00,471: INFO: main: >>>>>> stage Data Validation Stage completed <<<<<<

x==========x]
[2025-12-02 16:06:00,471: INFO: main: >>>>>> stage Data Transformation Stage started <<<<<<]
[2025-12-02 16:06:00,474: INFO: common: yaml file: config\config.yaml loaded successfully]
[2025-12-02 16:06:00,477: INFO: common: yaml file: params.yaml loaded successfully]
[2025-12-02 16:06:00,477: INFO: common: yaml file: schema.yaml loaded successfully]
[2025-12-02 16:06:00,481: INFO: common: created directory at: artifacts]
[2025-12-02 16:06:00,482: INFO: common: created directory at: artifacts/data_transformation]
[2025-12-02 16:06:00,501: INFO: data_transformation: Splitted data into training and test sets]
[2025-12-02 16:06:00,501: INFO: data_transformation: (1199, 12)]
[2025-12-02 16:06:00,501: INFO: data_transformation: (400, 12)]
[2025-12-02 16:06:00,501: INFO: main: >>>>>> stage Data Transformation Stage completed <<<<<<

x==========x]
[2025-12-02 16:06:00,501: INFO: main: >>>>>> stage ModelTrainer Stage started <<<<<<]
[2025-12-02 16:06:00,506: INFO: common: yaml file: config\config.yaml loaded successfully]
[2025-12-02 16:06:00,507: INFO: common: yaml file: params.yaml loaded successfully]
[2025-12-02 16:06:00,507: INFO: common: yaml file: schema.yaml loaded successfully]
[2025-12-02 16:06:00,507: INFO: common: created directory at: artifacts]
[2025-12-02 16:06:00,511: INFO: common: created directory at: artifacts/model_trainer]
[2025-12-02 16:06:00,574: INFO: main: >>>>>> stage ModelTrainer Stage completed <<<<<<

x==========x]
[2025-12-02 17:12:15,526: INFO: common: yaml file: config\config.yaml loaded successfully]
[2025-12-02 17:12:15,529: INFO: common: yaml file: params.yaml loaded successfully]
[2025-12-02 17:12:15,534: INFO: common: yaml file: schema.yaml loaded successfully]
[2025-12-02 17:12:15,537: INFO: common: created directory at: artifacts]
[2025-12-02 17:12:15,538: INFO: common: created directory at: artifacts/model_evaluation]
[2025-12-02 17:12:16,963: INFO: common: json file saved at: artifacts\model_evaluation\metrics.json]
[2025-12-02 17:26:03,356: INFO: common: yaml file: config\config.yaml loaded successfully]
[2025-12-02 17:26:03,358: INFO: common: yaml file: params.yaml loaded successfully]
[2025-12-02 17:26:03,362: INFO: common: yaml file: schema.yaml loaded successfully]
[2025-12-02 17:26:03,363: INFO: common: created directory at: artifacts]
[2025-12-02 17:26:03,364: INFO: common: created directory at: artifacts/model_evaluation]
[2025-12-02 17:26:04,726: INFO: common: json file saved at: artifacts\model_evaluation\metrics.json]
[2025-12-02 17:33:04,536: INFO: common: yaml file: config\config.yaml loaded successfully]
[2025-12-02 17:33:04,538: INFO: common: yaml file: params.yaml loaded successfully]
[2025-12-02 17:33:04,542: INFO: common: yaml file: schema.yaml loaded successfully]
[2025-12-02 17:33:04,544: INFO: common: created directory at: artifacts]
[2025-12-02 17:33:04,546: INFO: common: created directory at: artifacts/model_evaluation]
[2025-12-02 17:33:05,604: INFO: common: json file saved at: artifacts\model_evaluation\metrics.json]
[2025-12-02 17:41:59,702: INFO: common: yaml file: config\config.yaml loaded successfully]
[2025-12-02 17:41:59,702: INFO: common: yaml file: params.yaml loaded successfully]
[2025-12-02 17:41:59,702: INFO: common: yaml file: schema.yaml loaded successfully]
[2025-12-02 17:41:59,702: INFO: common: created directory at: artifacts]
[2025-12-02 17:41:59,714: INFO: common: created directory at: artifacts/model_evaluation]
[2025-12-02 17:42:33,876: INFO: _client: HTTP Request: POST https://dagshub.com/login/oauth/middleman "HTTP/1.1 200 OK"]
[2025-12-02 17:42:35,113: INFO: _client: HTTP Request: POST https://dagshub.com/login/oauth/access_token "HTTP/1.1 200 OK"]
[2025-12-02 17:42:36,672: INFO: _client: HTTP Request: GET https://dagshub.com/api/v1/user "HTTP/1.1 200 OK"]
[2025-12-02 17:42:36,683: INFO: helpers: Accessing as chaulagainrupesh1]
[2025-12-02 17:42:37,719: INFO: _client: HTTP Request: GET https://dagshub.com/api/v1/repos/chaulagainrupesh1/end-to-end-ml-project "HTTP/1.1 200 OK"]
[2025-12-02 17:42:38,797: INFO: _client: HTTP Request: GET https://dagshub.com/api/v1/user "HTTP/1.1 200 OK"]
[2025-12-02 17:42:38,800: INFO: helpers: Initialized MLflow to track repo "chaulagainrupesh1/end-to-end-ml-project"]
[2025-12-02 17:42:38,803: INFO: helpers: Repository chaulagainrupesh1/end-to-end-ml-project initialized!]
[2025-12-02 17:42:38,946: INFO: common: json file saved at: artifacts\model_evaluation\metrics.json]
[2025-12-02 18:00:04,272: INFO: common: yaml file: config\config.yaml loaded successfully]
[2025-12-02 18:00:04,275: INFO: common: yaml file: params.yaml loaded successfully]
[2025-12-02 18:00:04,278: INFO: common: yaml file: schema.yaml loaded successfully]
[2025-12-02 18:00:04,280: INFO: common: created directory at: artifacts]
[2025-12-02 18:00:04,282: INFO: common: created directory at: artifacts/model_evaluation]
[2025-12-02 18:00:06,245: INFO: common: json file saved at: artifacts\model_evaluation\metrics.json]
[2025-12-03 11:22:16,241: INFO: main: >>>>>> stage Data Ingestion Stage started <<<<<<]
[2025-12-03 11:22:16,265: INFO: common: yaml file: config\config.yaml loaded successfully]
[2025-12-03 11:22:16,283: INFO: common: yaml file: params.yaml loaded successfully]
[2025-12-03 11:22:16,298: INFO: common: yaml file: schema.yaml loaded successfully]
[2025-12-03 11:22:16,300: INFO: common: created directory at: artifacts]
[2025-12-03 11:22:16,300: INFO: common: created directory at: artifacts/data_ingestion]
[2025-12-03 11:22:16,300: INFO: data_ingestion: file already exists]
[2025-12-03 11:22:16,320: INFO: main: >>>>>> stage Data Ingestion Stage completed <<<<<<

x==========x]
[2025-12-03 11:22:16,320: INFO: main: >>>>>> stage Data Validation Stage started <<<<<<]
[2025-12-03 11:22:16,323: INFO: common: yaml file: config\config.yaml loaded successfully]
[2025-12-03 11:22:16,324: INFO: common: yaml file: params.yaml loaded successfully]
[2025-12-03 11:22:16,328: INFO: common: yaml file: schema.yaml loaded successfully]
[2025-12-03 11:22:16,328: INFO: common: created directory at: artifacts]
[2025-12-03 11:22:16,329: INFO: common: created directory at: artifacts/data_validation]
[2025-12-03 11:22:16,367: INFO: main: >>>>>> stage Data Validation Stage completed <<<<<<

x==========x]
[2025-12-03 11:22:16,367: INFO: main: >>>>>> stage Data Transformation Stage started <<<<<<]
[2025-12-03 11:22:16,378: INFO: common: yaml file: config\config.yaml loaded successfully]
[2025-12-03 11:22:16,380: INFO: common: yaml file: params.yaml loaded successfully]
[2025-12-03 11:22:16,382: INFO: common: yaml file: schema.yaml loaded successfully]
[2025-12-03 11:22:16,383: INFO: common: created directory at: artifacts]
[2025-12-03 11:22:16,383: INFO: common: created directory at: artifacts/data_transformation]
[2025-12-03 11:22:16,418: INFO: data_transformation: Splitted data into training and test sets]
[2025-12-03 11:22:16,419: INFO: data_transformation: (1199, 12)]
[2025-12-03 11:22:16,419: INFO: data_transformation: (400, 12)]
[2025-12-03 11:22:16,419: INFO: main: >>>>>> stage Data Transformation Stage completed <<<<<<

x==========x]
[2025-12-03 11:22:16,419: INFO: main: >>>>>> stage ModelTrainer Stage started <<<<<<]
[2025-12-03 11:22:16,422: INFO: common: yaml file: config\config.yaml loaded successfully]
[2025-12-03 11:22:16,424: INFO: common: yaml file: params.yaml loaded successfully]
[2025-12-03 11:22:16,426: INFO: common: yaml file: schema.yaml loaded successfully]
[2025-12-03 11:22:16,427: INFO: common: created directory at: artifacts]
[2025-12-03 11:22:16,428: INFO: common: created directory at: artifacts/model_trainer]
[2025-12-03 11:22:16,483: INFO: main: >>>>>> stage ModelTrainer Stage completed <<<<<<

x==========x]
[2025-12-03 11:22:16,483: INFO: main: >>>>>> stage Model Evaluation Stage started <<<<<<]
[2025-12-03 11:22:16,483: INFO: common: yaml file: config\config.yaml loaded successfully]
[2025-12-03 11:22:16,483: INFO: common: yaml file: params.yaml loaded successfully]
[2025-12-03 11:22:16,492: INFO: common: yaml file: schema.yaml loaded successfully]
[2025-12-03 11:22:16,494: INFO: common: created directory at: artifacts]
[2025-12-03 11:22:16,495: INFO: common: created directory at: artifacts/model_evaluation]
[2025-12-03 11:22:17,666: INFO: common: json file saved at: artifacts\model_evaluation\metrics.json]
[2025-12-03 11:22:26,582: INFO: main: >>>>>> stage Model Evaluation Stage completed <<<<<<

x==========x]
[2025-12-03 11:25:33,539: INFO: main: >>>>>> stage Data Ingestion Stage started <<<<<<]
[2025-12-03 11:25:33,539: INFO: common: yaml file: config\config.yaml loaded successfully]
[2025-12-03 11:25:33,548: INFO: common: yaml file: params.yaml loaded successfully]
[2025-12-03 11:25:33,550: INFO: common: yaml file: schema.yaml loaded successfully]
[2025-12-03 11:25:33,550: INFO: common: created directory at: artifacts]
[2025-12-03 11:25:33,551: INFO: common: created directory at: artifacts/data_ingestion]
[2025-12-03 11:25:33,551: INFO: data_ingestion: file already exists]
[2025-12-03 11:25:33,555: INFO: main: >>>>>> stage Data Ingestion Stage completed <<<<<<

x==========x]
[2025-12-03 11:25:33,556: INFO: main: >>>>>> stage Data Validation Stage started <<<<<<]
[2025-12-03 11:25:33,556: INFO: common: yaml file: config\config.yaml loaded successfully]
[2025-12-03 11:25:33,556: INFO: common: yaml file: params.yaml loaded successfully]
[2025-12-03 11:25:33,556: INFO: common: yaml file: schema.yaml loaded successfully]
[2025-12-03 11:25:33,556: INFO: common: created directory at: artifacts]
[2025-12-03 11:25:33,556: INFO: common: created directory at: artifacts/data_validation]
[2025-12-03 11:25:33,591: INFO: main: >>>>>> stage Data Validation Stage completed <<<<<<

x==========x]
[2025-12-03 11:25:33,591: INFO: main: >>>>>> stage Data Transformation Stage started <<<<<<]
[2025-12-03 11:25:33,592: INFO: common: yaml file: config\config.yaml loaded successfully]
[2025-12-03 11:25:33,592: INFO: common: yaml file: params.yaml loaded successfully]
[2025-12-03 11:25:33,592: INFO: common: yaml file: schema.yaml loaded successfully]
[2025-12-03 11:25:33,598: INFO: common: created directory at: artifacts]
[2025-12-03 11:25:33,598: INFO: common: created directory at: artifacts/data_transformation]
[2025-12-03 11:25:33,620: INFO: data_transformation: Splitted data into training and test sets]
[2025-12-03 11:25:33,620: INFO: data_transformation: (1199, 12)]
[2025-12-03 11:25:33,620: INFO: data_transformation: (400, 12)]
[2025-12-03 11:25:33,620: INFO: main: >>>>>> stage Data Transformation Stage completed <<<<<<

x==========x]
[2025-12-03 11:25:33,620: INFO: main: >>>>>> stage ModelTrainer Stage started <<<<<<]
[2025-12-03 11:25:33,620: INFO: common: yaml file: config\config.yaml loaded successfully]
[2025-12-03 11:25:33,620: INFO: common: yaml file: params.yaml loaded successfully]
[2025-12-03 11:25:33,620: INFO: common: yaml file: schema.yaml loaded successfully]
[2025-12-03 11:25:33,627: INFO: common: created directory at: artifacts]
[2025-12-03 11:25:33,627: INFO: common: created directory at: artifacts/model_trainer]
[2025-12-03 11:25:33,678: INFO: main: >>>>>> stage ModelTrainer Stage completed <<<<<<

x==========x]
[2025-12-03 11:25:33,678: INFO: main: >>>>>> stage Model Evaluation Stage started <<<<<<]
[2025-12-03 11:25:33,682: INFO: common: yaml file: config\config.yaml loaded successfully]
[2025-12-03 11:25:33,683: INFO: common: yaml file: params.yaml loaded successfully]
[2025-12-03 11:25:33,686: INFO: common: yaml file: schema.yaml loaded successfully]
[2025-12-03 11:25:33,686: INFO: common: created directory at: artifacts]
[2025-12-03 11:25:33,687: INFO: common: created directory at: artifacts/model_evaluation]
[2025-12-03 11:25:35,681: INFO: common: json file saved at: artifacts\model_evaluation\metrics.json]
[2025-12-03 11:25:47,533: INFO: main: >>>>>> stage Model Evaluation Stage completed <<<<<<

x==========x]
[2025-12-03 12:13:57,439: INFO: _internal: [31m[1mWARNING: This is a development server. Do not use it in a production deployment. Use a production WSGI server instead.[0m
 * Running on all addresses (0.0.0.0)
 * Running on http://127.0.0.1:8080
 * Running on http://192.168.1.65:8080]
[2025-12-03 12:13:57,440: INFO: _internal: [33mPress CTRL+C to quit[0m]
[2025-12-03 12:14:23,889: INFO: _internal: 127.0.0.1 - - [03/Dec/2025 12:14:23] "GET / HTTP/1.1" 200 -]
[2025-12-03 12:14:23,939: INFO: _internal: 127.0.0.1 - - [03/Dec/2025 12:14:23] "[33mGET /static/assets/img/form-v9.jpg HTTP/1.1[0m" 404 -]
[2025-12-03 12:14:23,992: INFO: _internal: 127.0.0.1 - - [03/Dec/2025 12:14:23] "[33mGET /favicon.ico HTTP/1.1[0m" 404 -]
[2025-12-03 12:15:10,876: INFO: main: >>>>>> stage Data Ingestion Stage started <<<<<<]
[2025-12-03 12:15:10,882: INFO: common: yaml file: config\config.yaml loaded successfully]
[2025-12-03 12:15:10,882: INFO: common: yaml file: params.yaml loaded successfully]
[2025-12-03 12:15:10,882: INFO: common: yaml file: schema.yaml loaded successfully]
[2025-12-03 12:15:10,882: INFO: common: created directory at: artifacts]
[2025-12-03 12:15:10,882: INFO: common: created directory at: artifacts/data_ingestion]
[2025-12-03 12:15:10,882: INFO: data_ingestion: file already exists]
[2025-12-03 12:15:10,882: INFO: main: >>>>>> stage Data Ingestion Stage completed <<<<<<

x==========x]
[2025-12-03 12:15:10,882: INFO: main: >>>>>> stage Data Validation Stage started <<<<<<]
[2025-12-03 12:15:10,894: INFO: common: yaml file: config\config.yaml loaded successfully]
[2025-12-03 12:15:10,896: INFO: common: yaml file: params.yaml loaded successfully]
[2025-12-03 12:15:10,898: INFO: common: yaml file: schema.yaml loaded successfully]
[2025-12-03 12:15:10,899: INFO: common: created directory at: artifacts]
[2025-12-03 12:15:10,901: INFO: common: created directory at: artifacts/data_validation]
[2025-12-03 12:15:10,924: INFO: main: >>>>>> stage Data Validation Stage completed <<<<<<

x==========x]
[2025-12-03 12:15:10,924: INFO: main: >>>>>> stage Data Transformation Stage started <<<<<<]
[2025-12-03 12:15:10,928: INFO: common: yaml file: config\config.yaml loaded successfully]
[2025-12-03 12:15:10,930: INFO: common: yaml file: params.yaml loaded successfully]
[2025-12-03 12:15:10,932: INFO: common: yaml file: schema.yaml loaded successfully]
[2025-12-03 12:15:10,933: INFO: common: created directory at: artifacts]
[2025-12-03 12:15:10,934: INFO: common: created directory at: artifacts/data_transformation]
[2025-12-03 12:15:10,952: INFO: data_transformation: Splitted data into training and test sets]
[2025-12-03 12:15:10,952: INFO: data_transformation: (1199, 12)]
[2025-12-03 12:15:10,952: INFO: data_transformation: (400, 12)]
[2025-12-03 12:15:10,953: INFO: main: >>>>>> stage Data Transformation Stage completed <<<<<<

x==========x]
[2025-12-03 12:15:10,953: INFO: main: >>>>>> stage ModelTrainer Stage started <<<<<<]
[2025-12-03 12:15:10,955: INFO: common: yaml file: config\config.yaml loaded successfully]
[2025-12-03 12:15:10,956: INFO: common: yaml file: params.yaml loaded successfully]
[2025-12-03 12:15:10,957: INFO: common: yaml file: schema.yaml loaded successfully]
[2025-12-03 12:15:10,958: INFO: common: created directory at: artifacts]
[2025-12-03 12:15:10,958: INFO: common: created directory at: artifacts/model_trainer]
[2025-12-03 12:15:11,016: INFO: main: >>>>>> stage ModelTrainer Stage completed <<<<<<

x==========x]
[2025-12-03 12:15:11,017: INFO: main: >>>>>> stage Model Evaluation Stage started <<<<<<]
[2025-12-03 12:15:11,019: INFO: common: yaml file: config\config.yaml loaded successfully]
[2025-12-03 12:15:11,020: INFO: common: yaml file: params.yaml loaded successfully]
[2025-12-03 12:15:11,021: INFO: common: yaml file: schema.yaml loaded successfully]
[2025-12-03 12:15:11,022: INFO: common: created directory at: artifacts]
[2025-12-03 12:15:11,023: INFO: common: created directory at: artifacts/model_evaluation]
[2025-12-03 12:15:12,816: INFO: common: json file saved at: artifacts\model_evaluation\metrics.json]
[2025-12-03 12:15:26,534: INFO: main: >>>>>> stage Model Evaluation Stage completed <<<<<<

x==========x]
[2025-12-03 12:15:27,227: INFO: _internal: 127.0.0.1 - - [03/Dec/2025 12:15:27] "GET /train HTTP/1.1" 200 -]
[2025-12-03 12:16:18,756: INFO: _internal: 127.0.0.1 - - [03/Dec/2025 12:16:18] "POST /predict HTTP/1.1" 200 -]
[2025-12-03 12:19:43,963: INFO: _internal: 127.0.0.1 - - [03/Dec/2025 12:19:43] "GET / HTTP/1.1" 200 -]
[2025-12-03 12:19:43,991: INFO: _internal: 127.0.0.1 - - [03/Dec/2025 12:19:43] "[33mGET /static/assets/img/form-v9.jpg HTTP/1.1[0m" 404 -]
[2025-12-03 12:19:45,209: INFO: _internal: 127.0.0.1 - - [03/Dec/2025 12:19:45] "GET / HTTP/1.1" 200 -]
[2025-12-03 12:19:45,231: INFO: _internal: 127.0.0.1 - - [03/Dec/2025 12:19:45] "[33mGET /static/assets/img/form-v9.jpg HTTP/1.1[0m" 404 -]
[2025-12-03 12:20:21,412: INFO: main: >>>>>> stage Data Ingestion Stage started <<<<<<]
[2025-12-03 12:20:21,428: INFO: common: yaml file: config\config.yaml loaded successfully]
[2025-12-03 12:20:21,428: INFO: common: yaml file: params.yaml loaded successfully]
[2025-12-03 12:20:21,428: INFO: common: yaml file: schema.yaml loaded successfully]
[2025-12-03 12:20:21,428: INFO: common: created directory at: artifacts]
[2025-12-03 12:20:21,428: INFO: common: created directory at: artifacts/data_ingestion]
[2025-12-03 12:20:21,428: INFO: data_ingestion: file already exists]
[2025-12-03 12:20:21,428: INFO: main: >>>>>> stage Data Ingestion Stage completed <<<<<<

x==========x]
[2025-12-03 12:20:21,428: INFO: main: >>>>>> stage Data Validation Stage started <<<<<<]
[2025-12-03 12:20:21,446: INFO: common: yaml file: config\config.yaml loaded successfully]
[2025-12-03 12:20:21,447: INFO: common: yaml file: params.yaml loaded successfully]
[2025-12-03 12:20:21,451: INFO: common: yaml file: schema.yaml loaded successfully]
[2025-12-03 12:20:21,452: INFO: common: created directory at: artifacts]
[2025-12-03 12:20:21,453: INFO: common: created directory at: artifacts/data_validation]
[2025-12-03 12:20:21,483: INFO: main: >>>>>> stage Data Validation Stage completed <<<<<<

x==========x]
[2025-12-03 12:20:21,483: INFO: main: >>>>>> stage Data Transformation Stage started <<<<<<]
[2025-12-03 12:20:21,485: INFO: common: yaml file: config\config.yaml loaded successfully]
[2025-12-03 12:20:21,485: INFO: common: yaml file: params.yaml loaded successfully]
[2025-12-03 12:20:21,490: INFO: common: yaml file: schema.yaml loaded successfully]
[2025-12-03 12:20:21,491: INFO: common: created directory at: artifacts]
[2025-12-03 12:20:21,491: INFO: common: created directory at: artifacts/data_transformation]
[2025-12-03 12:20:21,512: INFO: data_transformation: Splitted data into training and test sets]
[2025-12-03 12:20:21,513: INFO: data_transformation: (1199, 12)]
[2025-12-03 12:20:21,513: INFO: data_transformation: (400, 12)]
[2025-12-03 12:20:21,515: INFO: main: >>>>>> stage Data Transformation Stage completed <<<<<<

x==========x]
[2025-12-03 12:20:21,515: INFO: main: >>>>>> stage ModelTrainer Stage started <<<<<<]
[2025-12-03 12:20:21,515: INFO: common: yaml file: config\config.yaml loaded successfully]
[2025-12-03 12:20:21,515: INFO: common: yaml file: params.yaml loaded successfully]
[2025-12-03 12:20:21,523: INFO: common: yaml file: schema.yaml loaded successfully]
[2025-12-03 12:20:21,524: INFO: common: created directory at: artifacts]
[2025-12-03 12:20:21,524: INFO: common: created directory at: artifacts/model_trainer]
[2025-12-03 12:20:21,556: INFO: main: >>>>>> stage ModelTrainer Stage completed <<<<<<

x==========x]
[2025-12-03 12:20:21,556: INFO: main: >>>>>> stage Model Evaluation Stage started <<<<<<]
[2025-12-03 12:20:21,556: INFO: common: yaml file: config\config.yaml loaded successfully]
[2025-12-03 12:20:21,556: INFO: common: yaml file: params.yaml loaded successfully]
[2025-12-03 12:20:21,564: INFO: common: yaml file: schema.yaml loaded successfully]
[2025-12-03 12:20:21,564: INFO: common: created directory at: artifacts]
[2025-12-03 12:20:21,564: INFO: common: created directory at: artifacts/model_evaluation]
[2025-12-03 12:20:23,575: INFO: common: json file saved at: artifacts\model_evaluation\metrics.json]
[2025-12-03 12:20:36,144: INFO: main: >>>>>> stage Model Evaluation Stage completed <<<<<<

x==========x]
[2025-12-03 12:21:32,334: INFO: _internal: [31m[1mWARNING: This is a development server. Do not use it in a production deployment. Use a production WSGI server instead.[0m
 * Running on all addresses (0.0.0.0)
 * Running on http://127.0.0.1:8080
 * Running on http://192.168.1.65:8080]
[2025-12-03 12:21:32,335: INFO: _internal: [33mPress CTRL+C to quit[0m]
[2025-12-03 12:21:34,408: INFO: _internal: 127.0.0.1 - - [03/Dec/2025 12:21:34] "GET / HTTP/1.1" 200 -]
[2025-12-03 12:21:34,550: INFO: _internal: 127.0.0.1 - - [03/Dec/2025 12:21:34] "[33mGET /favicon.ico HTTP/1.1[0m" 404 -]
[2025-12-03 12:22:05,893: INFO: _internal: 127.0.0.1 - - [03/Dec/2025 12:22:05] "POST /predict HTTP/1.1" 200 -]
[2025-12-03 12:22:12,240: INFO: _internal: 127.0.0.1 - - [03/Dec/2025 12:22:12] "GET / HTTP/1.1" 200 -]
[2025-12-03 12:22:24,384: INFO: _internal: 127.0.0.1 - - [03/Dec/2025 12:22:24] "GET / HTTP/1.1" 200 -]
[2025-12-03 12:22:25,809: INFO: _internal: 127.0.0.1 - - [03/Dec/2025 12:22:25] "GET / HTTP/1.1" 200 -]
[2025-12-03 12:22:31,356: INFO: _internal: 127.0.0.1 - - [03/Dec/2025 12:22:31] "GET / HTTP/1.1" 200 -]
[2025-12-03 12:22:31,940: INFO: _internal: 127.0.0.1 - - [03/Dec/2025 12:22:31] "GET / HTTP/1.1" 200 -]
[2025-12-03 12:22:32,135: INFO: _internal: 127.0.0.1 - - [03/Dec/2025 12:22:32] "GET / HTTP/1.1" 200 -]
[2025-12-03 12:22:32,293: INFO: _internal: 127.0.0.1 - - [03/Dec/2025 12:22:32] "GET / HTTP/1.1" 200 -]
[2025-12-03 12:22:32,443: INFO: _internal: 127.0.0.1 - - [03/Dec/2025 12:22:32] "GET / HTTP/1.1" 200 -]
[2025-12-03 12:22:32,596: INFO: _internal: 127.0.0.1 - - [03/Dec/2025 12:22:32] "GET / HTTP/1.1" 200 -]
[2025-12-03 12:23:32,804: INFO: _internal: [31m[1mWARNING: This is a development server. Do not use it in a production deployment. Use a production WSGI server instead.[0m
 * Running on all addresses (0.0.0.0)
 * Running on http://127.0.0.1:8080
 * Running on http://192.168.1.65:8080]
[2025-12-03 12:23:32,804: INFO: _internal: [33mPress CTRL+C to quit[0m]
[2025-12-03 12:23:34,802: INFO: _internal: 127.0.0.1 - - [03/Dec/2025 12:23:34] "GET / HTTP/1.1" 200 -]
[2025-12-03 12:23:56,988: INFO: _internal: 127.0.0.1 - - [03/Dec/2025 12:23:56] "GET / HTTP/1.1" 200 -]
[2025-12-03 12:24:11,959: INFO: _internal: 127.0.0.1 - - [03/Dec/2025 12:24:11] "POST /predict HTTP/1.1" 200 -]
[2025-12-03 12:24:20,656: INFO: _internal: 127.0.0.1 - - [03/Dec/2025 12:24:20] "GET / HTTP/1.1" 200 -]
[2025-12-03 12:25:36,838: INFO: _internal: [31m[1mWARNING: This is a development server. Do not use it in a production deployment. Use a production WSGI server instead.[0m
 * Running on all addresses (0.0.0.0)
 * Running on http://127.0.0.1:8080
 * Running on http://192.168.1.65:8080]
[2025-12-03 12:25:36,838: INFO: _internal: [33mPress CTRL+C to quit[0m]
[2025-12-03 12:25:38,857: INFO: _internal: 127.0.0.1 - - [03/Dec/2025 12:25:38] "GET / HTTP/1.1" 200 -]
[2025-12-03 12:25:49,762: INFO: _internal: 127.0.0.1 - - [03/Dec/2025 12:25:49] "POST /predict HTTP/1.1" 200 -]
[2025-12-03 12:25:54,759: INFO: _internal: 127.0.0.1 - - [03/Dec/2025 12:25:54] "GET / HTTP/1.1" 200 -]
[2025-12-04 15:57:31,507: INFO: _internal: [31m[1mWARNING: This is a development server. Do not use it in a production deployment. Use a production WSGI server instead.[0m
 * Running on all addresses (0.0.0.0)
 * Running on http://127.0.0.1:8080
 * Running on http://192.168.1.65:8080]
[2025-12-04 15:57:31,507: INFO: _internal: [33mPress CTRL+C to quit[0m]
[2025-12-04 15:57:34,195: INFO: _internal: 127.0.0.1 - - [04/Dec/2025 15:57:34] "GET / HTTP/1.1" 200 -]
[2025-12-04 15:57:34,271: INFO: _internal: 127.0.0.1 - - [04/Dec/2025 15:57:34] "[33mGET /favicon.ico HTTP/1.1[0m" 404 -]
[2025-12-04 15:59:07,648: INFO: _internal: 127.0.0.1 - - [04/Dec/2025 15:59:07] "POST /predict HTTP/1.1" 200 -]
[2025-12-04 16:01:26,161: INFO: _internal: 127.0.0.1 - - [04/Dec/2025 16:01:26] "GET / HTTP/1.1" 200 -]
[2025-12-04 16:03:44,825: INFO: _internal: 127.0.0.1 - - [04/Dec/2025 16:03:44] "POST /predict HTTP/1.1" 200 -]
[2025-12-04 16:07:11,023: INFO: _internal: 127.0.0.1 - - [04/Dec/2025 16:07:11] "GET / HTTP/1.1" 200 -]
[2025-12-04 16:08:17,138: INFO: _internal: 127.0.0.1 - - [04/Dec/2025 16:08:17] "POST /predict HTTP/1.1" 200 -]
[2025-12-04 16:11:02,563: INFO: _internal: [31m[1mWARNING: This is a development server. Do not use it in a production deployment. Use a production WSGI server instead.[0m
 * Running on all addresses (0.0.0.0)
 * Running on http://127.0.0.1:8080
 * Running on http://192.168.1.65:8080]
[2025-12-04 16:11:02,563: INFO: _internal: [33mPress CTRL+C to quit[0m]
[2025-12-04 16:11:04,432: INFO: _internal: 127.0.0.1 - - [04/Dec/2025 16:11:04] "GET / HTTP/1.1" 200 -]
[2025-12-04 16:11:10,296: INFO: _internal: 127.0.0.1 - - [04/Dec/2025 16:11:10] "GET / HTTP/1.1" 200 -]
[2025-12-04 16:11:32,297: INFO: _internal: 127.0.0.1 - - [04/Dec/2025 16:11:32] "GET / HTTP/1.1" 200 -]
[2025-12-04 16:12:55,512: INFO: _internal: [31m[1mWARNING: This is a development server. Do not use it in a production deployment. Use a production WSGI server instead.[0m
 * Running on all addresses (0.0.0.0)
 * Running on http://127.0.0.1:8080
 * Running on http://192.168.1.65:8080]
[2025-12-04 16:12:55,512: INFO: _internal: [33mPress CTRL+C to quit[0m]
[2025-12-04 16:12:57,324: INFO: _internal: 127.0.0.1 - - [04/Dec/2025 16:12:57] "GET / HTTP/1.1" 200 -]
[2025-12-04 16:13:00,771: INFO: _internal: 127.0.0.1 - - [04/Dec/2025 16:13:00] "[33mGET /.well-known/appspecific/com.chrome.devtools.json HTTP/1.1[0m" 404 -]
[2025-12-04 16:13:07,328: INFO: _internal: 127.0.0.1 - - [04/Dec/2025 16:13:07] "GET / HTTP/1.1" 200 -]
[2025-12-04 16:13:07,392: INFO: _internal: 127.0.0.1 - - [04/Dec/2025 16:13:07] "[33mGET /.well-known/appspecific/com.chrome.devtools.json HTTP/1.1[0m" 404 -]
[2025-12-04 16:14:49,006: INFO: _internal: [31m[1mWARNING: This is a development server. Do not use it in a production deployment. Use a production WSGI server instead.[0m
 * Running on all addresses (0.0.0.0)
 * Running on http://127.0.0.1:8080
 * Running on http://192.168.1.65:8080]
[2025-12-04 16:14:49,012: INFO: _internal: [33mPress CTRL+C to quit[0m]
[2025-12-04 16:14:52,490: INFO: _internal: 127.0.0.1 - - [04/Dec/2025 16:14:52] "GET / HTTP/1.1" 200 -]
[2025-12-04 16:15:40,104: INFO: _internal: 127.0.0.1 - - [04/Dec/2025 16:15:40] "POST /predict HTTP/1.1" 200 -]
[2025-12-04 16:17:24,110: INFO: _internal: 127.0.0.1 - - [04/Dec/2025 16:17:24] "GET / HTTP/1.1" 200 -]
[2025-12-04 16:18:00,620: INFO: _internal: 127.0.0.1 - - [04/Dec/2025 16:18:00] "POST /predict HTTP/1.1" 200 -]
[2025-12-04 16:20:38,786: INFO: _internal: [31m[1mWARNING: This is a development server. Do not use it in a production deployment. Use a production WSGI server instead.[0m
 * Running on all addresses (0.0.0.0)
 * Running on http://127.0.0.1:8080
 * Running on http://192.168.1.65:8080]
[2025-12-04 16:20:38,786: INFO: _internal: [33mPress CTRL+C to quit[0m]
[2025-12-04 16:20:41,981: INFO: _internal: 127.0.0.1 - - [04/Dec/2025 16:20:41] "GET / HTTP/1.1" 200 -]
[2025-12-04 16:21:38,270: INFO: _internal: 127.0.0.1 - - [04/Dec/2025 16:21:38] "POST /predict HTTP/1.1" 200 -]
[2025-12-04 16:24:43,916: INFO: _internal: [31m[1mWARNING: This is a development server. Do not use it in a production deployment. Use a production WSGI server instead.[0m
 * Running on all addresses (0.0.0.0)
 * Running on http://127.0.0.1:8080
 * Running on http://192.168.1.65:8080]
[2025-12-04 16:24:43,916: INFO: _internal: [33mPress CTRL+C to quit[0m]
[2025-12-04 16:24:49,016: INFO: _internal: 127.0.0.1 - - [04/Dec/2025 16:24:49] "GET / HTTP/1.1" 200 -]
[2025-12-04 16:25:19,432: INFO: _internal: 127.0.0.1 - - [04/Dec/2025 16:25:19] "POST /predict HTTP/1.1" 200 -]
[2025-12-04 16:25:27,897: INFO: _internal: 127.0.0.1 - - [04/Dec/2025 16:25:27] "GET / HTTP/1.1" 200 -]
[2025-12-04 16:25:58,771: INFO: _internal: 127.0.0.1 - - [04/Dec/2025 16:25:58] "POST /predict HTTP/1.1" 200 -]
[2025-12-04 16:26:01,721: INFO: _internal: 127.0.0.1 - - [04/Dec/2025 16:26:01] "GET / HTTP/1.1" 200 -]
[2025-12-04 16:26:15,384: INFO: _internal: 127.0.0.1 - - [04/Dec/2025 16:26:15] "GET / HTTP/1.1" 200 -]
[2025-12-04 16:26:16,054: INFO: _internal: 127.0.0.1 - - [04/Dec/2025 16:26:16] "GET / HTTP/1.1" 200 -]
[2025-12-04 16:26:16,474: INFO: _internal: 127.0.0.1 - - [04/Dec/2025 16:26:16] "GET / HTTP/1.1" 200 -]
[2025-12-04 16:26:16,632: INFO: _internal: 127.0.0.1 - - [04/Dec/2025 16:26:16] "GET / HTTP/1.1" 200 -]
[2025-12-04 16:26:16,824: INFO: _internal: 127.0.0.1 - - [04/Dec/2025 16:26:16] "GET / HTTP/1.1" 200 -]
[2025-12-04 16:26:45,792: INFO: _internal: 127.0.0.1 - - [04/Dec/2025 16:26:45] "POST /predict HTTP/1.1" 200 -]
[2025-12-04 16:27:15,865: INFO: _internal: 127.0.0.1 - - [04/Dec/2025 16:27:15] "GET / HTTP/1.1" 200 -]
[2025-12-04 16:27:56,567: INFO: _internal: 127.0.0.1 - - [04/Dec/2025 16:27:56] "POST /predict HTTP/1.1" 200 -]
[2025-12-04 16:27:59,568: INFO: _internal: 127.0.0.1 - - [04/Dec/2025 16:27:59] "GET / HTTP/1.1" 200 -]
[2025-12-04 16:29:24,386: INFO: _internal: [31m[1mWARNING: This is a development server. Do not use it in a production deployment. Use a production WSGI server instead.[0m
 * Running on all addresses (0.0.0.0)
 * Running on http://127.0.0.1:8080
 * Running on http://192.168.1.65:8080]
[2025-12-04 16:29:24,386: INFO: _internal: [33mPress CTRL+C to quit[0m]
[2025-12-04 16:29:26,400: INFO: _internal: 127.0.0.1 - - [04/Dec/2025 16:29:26] "GET / HTTP/1.1" 200 -]
[2025-12-04 16:30:01,180: INFO: _internal: 127.0.0.1 - - [04/Dec/2025 16:30:01] "POST /predict HTTP/1.1" 200 -]
[2025-12-04 16:30:05,607: INFO: _internal: 127.0.0.1 - - [04/Dec/2025 16:30:05] "GET / HTTP/1.1" 200 -]
[2025-12-06 10:54:50,864: INFO: main: >>>>>> stage Data Ingestion Stage started <<<<<<]
[2025-12-06 10:54:50,886: INFO: common: yaml file: config\config.yaml loaded successfully]
[2025-12-06 10:54:50,902: INFO: common: yaml file: params.yaml loaded successfully]
[2025-12-06 10:54:50,906: INFO: common: yaml file: schema.yaml loaded successfully]
[2025-12-06 10:54:50,906: INFO: common: created directory at: artifacts]
[2025-12-06 10:54:50,906: INFO: common: created directory at: artifacts/data_ingestion]
[2025-12-06 10:54:52,032: INFO: data_ingestion: artifacts/data_ingestion/data.zip downloaded with following ingo: 
Connection: close
Content-Length: 23329
Cache-Control: max-age=300
Content-Security-Policy: default-src 'none'; style-src 'unsafe-inline'; sandbox
Content-Type: application/zip
ETag: "c69888a4ae59bc5a893392785a938ccd4937981c06ba8a9d6a21aa52b4ab5b6e"
Strict-Transport-Security: max-age=31536000
X-Content-Type-Options: nosniff
X-Frame-Options: deny
X-XSS-Protection: 1; mode=block
X-GitHub-Request-Id: 3A9F:4F0F6:52C32:108A74:6933BA9F
Accept-Ranges: bytes
Date: Sat, 06 Dec 2025 05:09:51 GMT
Via: 1.1 varnish
X-Served-By: cache-bom-vanm7210084-BOM
X-Cache: MISS
X-Cache-Hits: 0
X-Timer: S1764997792.591173,VS0,VE254
Vary: Authorization,Accept-Encoding
Access-Control-Allow-Origin: *
Cross-Origin-Resource-Policy: cross-origin
X-Fastly-Request-ID: 111c3845f3d385d3c2e58902b7d8397980f9d72c
Expires: Sat, 06 Dec 2025 05:14:51 GMT
Source-Age: 0

]
[2025-12-06 10:54:52,049: INFO: main: >>>>>> stage Data Ingestion Stage completed <<<<<<

x==========x]
[2025-12-06 10:54:52,049: INFO: main: >>>>>> stage Data Validation Stage started <<<<<<]
[2025-12-06 10:54:52,052: INFO: common: yaml file: config\config.yaml loaded successfully]
[2025-12-06 10:54:52,055: INFO: common: yaml file: params.yaml loaded successfully]
[2025-12-06 10:54:52,058: INFO: common: yaml file: schema.yaml loaded successfully]
[2025-12-06 10:54:52,059: INFO: common: created directory at: artifacts]
[2025-12-06 10:54:52,059: INFO: common: created directory at: artifacts/data_validation]
[2025-12-06 10:54:52,095: INFO: main: >>>>>> stage Data Validation Stage completed <<<<<<

x==========x]
[2025-12-06 10:54:52,096: INFO: main: >>>>>> stage Data Transformation Stage started <<<<<<]
[2025-12-06 10:54:52,107: INFO: common: yaml file: config\config.yaml loaded successfully]
[2025-12-06 10:54:52,114: INFO: common: yaml file: params.yaml loaded successfully]
[2025-12-06 10:54:52,116: INFO: common: yaml file: schema.yaml loaded successfully]
[2025-12-06 10:54:52,117: INFO: common: created directory at: artifacts]
[2025-12-06 10:54:52,117: INFO: common: created directory at: artifacts/data_transformation]
[2025-12-06 10:54:52,155: INFO: data_transformation: Splitted data into training and test sets]
[2025-12-06 10:54:52,155: INFO: data_transformation: (1199, 12)]
[2025-12-06 10:54:52,155: INFO: data_transformation: (400, 12)]
[2025-12-06 10:54:52,158: INFO: main: >>>>>> stage Data Transformation Stage completed <<<<<<

x==========x]
[2025-12-06 10:54:52,158: INFO: main: >>>>>> stage ModelTrainer Stage started <<<<<<]
[2025-12-06 10:54:52,162: INFO: common: yaml file: config\config.yaml loaded successfully]
[2025-12-06 10:54:52,165: INFO: common: yaml file: params.yaml loaded successfully]
[2025-12-06 10:54:52,167: INFO: common: yaml file: schema.yaml loaded successfully]
[2025-12-06 10:54:52,167: INFO: common: created directory at: artifacts]
[2025-12-06 10:54:52,171: INFO: common: created directory at: artifacts/model_trainer]
[2025-12-06 10:54:52,171: ERROR: main: ModelTrainerConfig.__init__() got an unexpected keyword argument 'all_params']
Traceback (most recent call last):
  File "C:\Users\Lenovo\Desktop\student-performance-prediction\main.py", line 42, in <module>
    model_trainer.initiate_model_training()
  File "C:\Users\Lenovo\Desktop\student-performance-prediction\src\datascience\pipeline\model_trainer.py", line 13, in initiate_model_training
    model_trainer_config = config.get_model_trainer_config()
                           ^^^^^^^^^^^^^^^^^^^^^^^^^^^^^^^^^
  File "C:\Users\Lenovo\Desktop\student-performance-prediction\src\datascience\config\configuration.py", line 58, in get_model_trainer_config
    model_trainer_config = ModelTrainerConfig(
                           ^^^^^^^^^^^^^^^^^^^
TypeError: ModelTrainerConfig.__init__() got an unexpected keyword argument 'all_params'
[2025-12-06 10:57:34,859: INFO: main: >>>>>> stage Data Ingestion Stage started <<<<<<]
[2025-12-06 10:57:34,868: INFO: common: yaml file: config\config.yaml loaded successfully]
[2025-12-06 10:57:34,869: INFO: common: yaml file: params.yaml loaded successfully]
[2025-12-06 10:57:34,869: INFO: common: yaml file: schema.yaml loaded successfully]
[2025-12-06 10:57:34,869: INFO: common: created directory at: artifacts]
[2025-12-06 10:57:34,869: INFO: common: created directory at: artifacts/data_ingestion]
[2025-12-06 10:57:35,658: INFO: data_ingestion: artifacts/data_ingestion/data.zip downloaded with following ingo: 
Connection: close
Content-Length: 23329
Cache-Control: max-age=300
Content-Security-Policy: default-src 'none'; style-src 'unsafe-inline'; sandbox
Content-Type: application/zip
ETag: "c69888a4ae59bc5a893392785a938ccd4937981c06ba8a9d6a21aa52b4ab5b6e"
Strict-Transport-Security: max-age=31536000
X-Content-Type-Options: nosniff
X-Frame-Options: deny
X-XSS-Protection: 1; mode=block
X-GitHub-Request-Id: 3A9F:4F0F6:52C32:108A74:6933BA9F
Accept-Ranges: bytes
Date: Sat, 06 Dec 2025 05:12:35 GMT
Via: 1.1 varnish
X-Served-By: cache-bom-vanm7210028-BOM
X-Cache: HIT
X-Cache-Hits: 0
X-Timer: S1764997955.467428,VS0,VE1
Vary: Authorization,Accept-Encoding
Access-Control-Allow-Origin: *
Cross-Origin-Resource-Policy: cross-origin
X-Fastly-Request-ID: a7f728a828c56818d50bf2304775225a9fd4866d
Expires: Sat, 06 Dec 2025 05:17:35 GMT
Source-Age: 164

]
[2025-12-06 10:57:35,672: INFO: main: >>>>>> stage Data Ingestion Stage completed <<<<<<

x==========x]
[2025-12-06 10:57:35,673: INFO: main: >>>>>> stage Data Validation Stage started <<<<<<]
[2025-12-06 10:57:35,676: INFO: common: yaml file: config\config.yaml loaded successfully]
[2025-12-06 10:57:35,678: INFO: common: yaml file: params.yaml loaded successfully]
[2025-12-06 10:57:35,681: INFO: common: yaml file: schema.yaml loaded successfully]
[2025-12-06 10:57:35,682: INFO: common: created directory at: artifacts]
[2025-12-06 10:57:35,682: INFO: common: created directory at: artifacts/data_validation]
[2025-12-06 10:57:35,709: INFO: main: >>>>>> stage Data Validation Stage completed <<<<<<

x==========x]
[2025-12-06 10:57:35,709: INFO: main: >>>>>> stage Data Transformation Stage started <<<<<<]
[2025-12-06 10:57:35,712: INFO: common: yaml file: config\config.yaml loaded successfully]
[2025-12-06 10:57:35,715: INFO: common: yaml file: params.yaml loaded successfully]
[2025-12-06 10:57:35,717: INFO: common: yaml file: schema.yaml loaded successfully]
[2025-12-06 10:57:35,718: INFO: common: created directory at: artifacts]
[2025-12-06 10:57:35,719: INFO: common: created directory at: artifacts/data_transformation]
[2025-12-06 10:57:35,738: INFO: data_transformation: Splitted data into training and test sets]
[2025-12-06 10:57:35,738: INFO: data_transformation: (1199, 12)]
[2025-12-06 10:57:35,738: INFO: data_transformation: (400, 12)]
[2025-12-06 10:57:35,739: INFO: main: >>>>>> stage Data Transformation Stage completed <<<<<<

x==========x]
[2025-12-06 10:57:35,739: INFO: main: >>>>>> stage ModelTrainer Stage started <<<<<<]
[2025-12-06 10:57:35,741: INFO: common: yaml file: config\config.yaml loaded successfully]
[2025-12-06 10:57:35,744: INFO: common: yaml file: params.yaml loaded successfully]
[2025-12-06 10:57:35,745: INFO: common: yaml file: schema.yaml loaded successfully]
[2025-12-06 10:57:35,747: INFO: common: created directory at: artifacts]
[2025-12-06 10:57:35,747: INFO: common: created directory at: artifacts/model_trainer]
[2025-12-06 10:57:35,748: ERROR: main: ModelTrainerConfig.__init__() got an unexpected keyword argument 'mlflow_uri']
Traceback (most recent call last):
  File "C:\Users\Lenovo\Desktop\student-performance-prediction\main.py", line 42, in <module>
    model_trainer.initiate_model_training()
  File "C:\Users\Lenovo\Desktop\student-performance-prediction\src\datascience\pipeline\model_trainer.py", line 13, in initiate_model_training
    model_trainer_config = config.get_model_trainer_config()
                           ^^^^^^^^^^^^^^^^^^^^^^^^^^^^^^^^^
  File "C:\Users\Lenovo\Desktop\student-performance-prediction\src\datascience\config\configuration.py", line 58, in get_model_trainer_config
    model_trainer_config = ModelTrainerConfig(
                           ^^^^^^^^^^^^^^^^^^^
TypeError: ModelTrainerConfig.__init__() got an unexpected keyword argument 'mlflow_uri'
[2025-12-06 10:59:41,729: INFO: main: >>>>>> stage Data Ingestion Stage started <<<<<<]
[2025-12-06 10:59:41,733: INFO: common: yaml file: config\config.yaml loaded successfully]
[2025-12-06 10:59:41,733: INFO: common: yaml file: params.yaml loaded successfully]
[2025-12-06 10:59:41,735: INFO: common: yaml file: schema.yaml loaded successfully]
[2025-12-06 10:59:41,737: INFO: common: created directory at: artifacts]
[2025-12-06 10:59:41,737: INFO: common: created directory at: artifacts/data_ingestion]
[2025-12-06 10:59:42,234: INFO: data_ingestion: artifacts/data_ingestion/data.zip downloaded with following ingo: 
Connection: close
Content-Length: 23329
Cache-Control: max-age=300
Content-Security-Policy: default-src 'none'; style-src 'unsafe-inline'; sandbox
Content-Type: application/zip
ETag: "c69888a4ae59bc5a893392785a938ccd4937981c06ba8a9d6a21aa52b4ab5b6e"
Strict-Transport-Security: max-age=31536000
X-Content-Type-Options: nosniff
X-Frame-Options: deny
X-XSS-Protection: 1; mode=block
X-GitHub-Request-Id: 3A9F:4F0F6:52C32:108A74:6933BA9F
Accept-Ranges: bytes
Date: Sat, 06 Dec 2025 05:14:42 GMT
Via: 1.1 varnish
X-Served-By: cache-bom-vanm7210075-BOM
X-Cache: HIT
X-Cache-Hits: 0
X-Timer: S1764998082.038428,VS0,VE1
Vary: Authorization,Accept-Encoding
Access-Control-Allow-Origin: *
Cross-Origin-Resource-Policy: cross-origin
X-Fastly-Request-ID: dd2b8d8a4ab574e6e34f9ec517f7f3ed69cd0ccd
Expires: Sat, 06 Dec 2025 05:19:42 GMT
Source-Age: 290

]
[2025-12-06 10:59:42,253: INFO: main: >>>>>> stage Data Ingestion Stage completed <<<<<<

x==========x]
[2025-12-06 10:59:42,253: INFO: main: >>>>>> stage Data Validation Stage started <<<<<<]
[2025-12-06 10:59:42,257: INFO: common: yaml file: config\config.yaml loaded successfully]
[2025-12-06 10:59:42,260: INFO: common: yaml file: params.yaml loaded successfully]
[2025-12-06 10:59:42,262: INFO: common: yaml file: schema.yaml loaded successfully]
[2025-12-06 10:59:42,262: INFO: common: created directory at: artifacts]
[2025-12-06 10:59:42,262: INFO: common: created directory at: artifacts/data_validation]
[2025-12-06 10:59:42,279: INFO: main: >>>>>> stage Data Validation Stage completed <<<<<<

x==========x]
[2025-12-06 10:59:42,279: INFO: main: >>>>>> stage Data Transformation Stage started <<<<<<]
[2025-12-06 10:59:42,289: INFO: common: yaml file: config\config.yaml loaded successfully]
[2025-12-06 10:59:42,290: INFO: common: yaml file: params.yaml loaded successfully]
[2025-12-06 10:59:42,292: INFO: common: yaml file: schema.yaml loaded successfully]
[2025-12-06 10:59:42,292: INFO: common: created directory at: artifacts]
[2025-12-06 10:59:42,294: INFO: common: created directory at: artifacts/data_transformation]
[2025-12-06 10:59:42,313: INFO: data_transformation: Splitted data into training and test sets]
[2025-12-06 10:59:42,313: INFO: data_transformation: (1199, 12)]
[2025-12-06 10:59:42,313: INFO: data_transformation: (400, 12)]
[2025-12-06 10:59:42,315: INFO: main: >>>>>> stage Data Transformation Stage completed <<<<<<

x==========x]
[2025-12-06 10:59:42,315: INFO: main: >>>>>> stage ModelTrainer Stage started <<<<<<]
[2025-12-06 10:59:42,317: INFO: common: yaml file: config\config.yaml loaded successfully]
[2025-12-06 10:59:42,319: INFO: common: yaml file: params.yaml loaded successfully]
[2025-12-06 10:59:42,321: INFO: common: yaml file: schema.yaml loaded successfully]
[2025-12-06 10:59:42,322: INFO: common: created directory at: artifacts]
[2025-12-06 10:59:42,322: INFO: common: created directory at: artifacts/model_trainer]
[2025-12-06 10:59:42,323: ERROR: main: ModelTrainerConfig.__init__() missing 2 required positional arguments: 'alpha' and 'l1_ratio']
Traceback (most recent call last):
  File "C:\Users\Lenovo\Desktop\student-performance-prediction\main.py", line 42, in <module>
    model_trainer.initiate_model_training()
  File "C:\Users\Lenovo\Desktop\student-performance-prediction\src\datascience\pipeline\model_trainer.py", line 13, in initiate_model_training
    model_trainer_config = config.get_model_trainer_config()
                           ^^^^^^^^^^^^^^^^^^^^^^^^^^^^^^^^^
  File "C:\Users\Lenovo\Desktop\student-performance-prediction\src\datascience\config\configuration.py", line 58, in get_model_trainer_config
    model_trainer_config = ModelTrainerConfig(
                           ^^^^^^^^^^^^^^^^^^^
TypeError: ModelTrainerConfig.__init__() missing 2 required positional arguments: 'alpha' and 'l1_ratio'
[2025-12-06 11:04:06,979: INFO: main: >>>>>> stage Data Ingestion Stage started <<<<<<]
[2025-12-06 11:04:06,982: INFO: common: yaml file: config\config.yaml loaded successfully]
[2025-12-06 11:04:06,983: INFO: common: yaml file: params.yaml loaded successfully]
[2025-12-06 11:04:06,985: INFO: common: yaml file: schema.yaml loaded successfully]
[2025-12-06 11:04:06,985: INFO: common: created directory at: artifacts]
[2025-12-06 11:04:06,985: INFO: common: created directory at: artifacts/data_ingestion]
[2025-12-06 11:04:07,982: INFO: data_ingestion: artifacts/data_ingestion/data.zip downloaded with following ingo: 
Connection: close
Content-Length: 23329
Cache-Control: max-age=300
Content-Security-Policy: default-src 'none'; style-src 'unsafe-inline'; sandbox
Content-Type: application/zip
ETag: "c69888a4ae59bc5a893392785a938ccd4937981c06ba8a9d6a21aa52b4ab5b6e"
Strict-Transport-Security: max-age=31536000
X-Content-Type-Options: nosniff
X-Frame-Options: deny
X-XSS-Protection: 1; mode=block
X-GitHub-Request-Id: 3A9F:4F0F6:52C32:108A74:6933BA9F
Accept-Ranges: bytes
Date: Sat, 06 Dec 2025 05:19:07 GMT
Via: 1.1 varnish
X-Served-By: cache-bom-vanm7210072-BOM
X-Cache: HIT
X-Cache-Hits: 2
X-Timer: S1764998348.577125,VS0,VE209
Vary: Authorization,Accept-Encoding
Access-Control-Allow-Origin: *
Cross-Origin-Resource-Policy: cross-origin
X-Fastly-Request-ID: 7f3bff91154d34f3a84fe292b86b4e38f624615e
Expires: Sat, 06 Dec 2025 05:24:07 GMT
Source-Age: 0

]
[2025-12-06 11:04:07,997: INFO: main: >>>>>> stage Data Ingestion Stage completed <<<<<<

x==========x]
[2025-12-06 11:04:07,997: INFO: main: >>>>>> stage Data Validation Stage started <<<<<<]
[2025-12-06 11:04:07,997: INFO: common: yaml file: config\config.yaml loaded successfully]
[2025-12-06 11:04:07,997: INFO: common: yaml file: params.yaml loaded successfully]
[2025-12-06 11:04:07,997: INFO: common: yaml file: schema.yaml loaded successfully]
[2025-12-06 11:04:07,997: INFO: common: created directory at: artifacts]
[2025-12-06 11:04:07,997: INFO: common: created directory at: artifacts/data_validation]
[2025-12-06 11:04:08,026: INFO: main: >>>>>> stage Data Validation Stage completed <<<<<<

x==========x]
[2025-12-06 11:04:08,026: INFO: main: >>>>>> stage Data Transformation Stage started <<<<<<]
[2025-12-06 11:04:08,029: INFO: common: yaml file: config\config.yaml loaded successfully]
[2025-12-06 11:04:08,033: INFO: common: yaml file: params.yaml loaded successfully]
[2025-12-06 11:04:08,034: INFO: common: yaml file: schema.yaml loaded successfully]
[2025-12-06 11:04:08,035: INFO: common: created directory at: artifacts]
[2025-12-06 11:04:08,036: INFO: common: created directory at: artifacts/data_transformation]
[2025-12-06 11:04:08,051: INFO: data_transformation: Splitted data into training and test sets]
[2025-12-06 11:04:08,051: INFO: data_transformation: (1199, 12)]
[2025-12-06 11:04:08,051: INFO: data_transformation: (400, 12)]
[2025-12-06 11:04:08,051: INFO: main: >>>>>> stage Data Transformation Stage completed <<<<<<

x==========x]
[2025-12-06 11:04:08,056: INFO: main: >>>>>> stage ModelTrainer Stage started <<<<<<]
[2025-12-06 11:04:08,058: INFO: common: yaml file: config\config.yaml loaded successfully]
[2025-12-06 11:04:08,059: INFO: common: yaml file: params.yaml loaded successfully]
[2025-12-06 11:04:08,061: INFO: common: yaml file: schema.yaml loaded successfully]
[2025-12-06 11:04:08,062: INFO: common: created directory at: artifacts]
[2025-12-06 11:04:08,063: INFO: common: created directory at: artifacts/model_trainer]
[2025-12-06 11:04:58,530: INFO: model_trainer: Best model: RandomForest with RMSE=0.6140511058757426]
[2025-12-06 11:04:58,532: INFO: model_trainer: Best model from training stage: RandomForest with RMSE=artifacts/model_trainer\RandomForest_model.joblib]
[2025-12-06 11:04:58,534: INFO: main: >>>>>> stage ModelTrainer Stage completed <<<<<<

x==========x]
[2025-12-06 11:04:58,535: INFO: main: >>>>>> stage Model Evaluation Stage started <<<<<<]
[2025-12-06 11:04:58,537: INFO: common: yaml file: config\config.yaml loaded successfully]
[2025-12-06 11:04:58,541: INFO: common: yaml file: params.yaml loaded successfully]
[2025-12-06 11:04:58,543: INFO: common: yaml file: schema.yaml loaded successfully]
[2025-12-06 11:04:58,544: INFO: common: created directory at: artifacts]
[2025-12-06 11:04:58,545: INFO: common: created directory at: artifacts/model_evaluation]
[2025-12-06 11:04:59,510: INFO: common: json file saved at: artifacts\model_evaluation\metrics_ElasticNet.json]
[2025-12-06 11:05:16,516: INFO: common: json file saved at: artifacts\model_evaluation\metrics_RandomForest.json]
[2025-12-06 11:05:35,340: INFO: common: json file saved at: artifacts\model_evaluation\metrics_XGBoost.json]
[2025-12-06 11:05:49,479: INFO: model_evaluation: Model evaluation stage completed successfully.]
[2025-12-06 11:05:49,479: INFO: main: >>>>>> stage Model Evaluation Stage completed <<<<<<

x==========x]
[2025-12-06 11:53:59,029: INFO: main: >>>>>> stage Data Ingestion Stage started <<<<<<]
[2025-12-06 11:53:59,034: INFO: common: yaml file: config\config.yaml loaded successfully]
[2025-12-06 11:53:59,034: INFO: common: yaml file: params.yaml loaded successfully]
[2025-12-06 11:53:59,040: INFO: common: yaml file: schema.yaml loaded successfully]
[2025-12-06 11:53:59,040: INFO: common: created directory at: artifacts]
[2025-12-06 11:53:59,040: INFO: common: created directory at: artifacts/data_ingestion]
[2025-12-06 11:54:00,125: INFO: data_ingestion: artifacts/data_ingestion/data.zip downloaded with following ingo: 
Connection: close
Content-Length: 23329
Cache-Control: max-age=300
Content-Security-Policy: default-src 'none'; style-src 'unsafe-inline'; sandbox
Content-Type: application/zip
ETag: "c69888a4ae59bc5a893392785a938ccd4937981c06ba8a9d6a21aa52b4ab5b6e"
Strict-Transport-Security: max-age=31536000
X-Content-Type-Options: nosniff
X-Frame-Options: deny
X-XSS-Protection: 1; mode=block
X-GitHub-Request-Id: 3A9F:4F0F6:52C32:108A74:6933BA9F
Accept-Ranges: bytes
Date: Sat, 06 Dec 2025 06:08:59 GMT
Via: 1.1 varnish
X-Served-By: cache-bom-vanm7210097-BOM
X-Cache: HIT
X-Cache-Hits: 0
X-Timer: S1765001340.664566,VS0,VE215
Vary: Authorization,Accept-Encoding
Access-Control-Allow-Origin: *
Cross-Origin-Resource-Policy: cross-origin
X-Fastly-Request-ID: e03645d45c5bc46100592271d40396e7f3c8cdaa
Expires: Sat, 06 Dec 2025 06:13:59 GMT
Source-Age: 0

]
[2025-12-06 11:54:00,145: INFO: main: >>>>>> stage Data Ingestion Stage completed <<<<<<

x==========x]
[2025-12-06 11:54:00,145: INFO: main: >>>>>> stage Data Validation Stage started <<<<<<]
[2025-12-06 11:54:00,153: INFO: common: yaml file: config\config.yaml loaded successfully]
[2025-12-06 11:54:00,154: INFO: common: yaml file: params.yaml loaded successfully]
[2025-12-06 11:54:00,159: INFO: common: yaml file: schema.yaml loaded successfully]
[2025-12-06 11:54:00,160: INFO: common: created directory at: artifacts]
[2025-12-06 11:54:00,160: INFO: common: created directory at: artifacts/data_validation]
[2025-12-06 11:54:00,183: INFO: main: >>>>>> stage Data Validation Stage completed <<<<<<

x==========x]
[2025-12-06 11:54:00,185: INFO: main: >>>>>> stage Data Transformation Stage started <<<<<<]
[2025-12-06 11:54:00,189: INFO: common: yaml file: config\config.yaml loaded successfully]
[2025-12-06 11:54:00,192: INFO: common: yaml file: params.yaml loaded successfully]
[2025-12-06 11:54:00,194: INFO: common: yaml file: schema.yaml loaded successfully]
[2025-12-06 11:54:00,195: INFO: common: created directory at: artifacts]
[2025-12-06 11:54:00,195: INFO: common: created directory at: artifacts/data_transformation]
[2025-12-06 11:54:00,215: INFO: data_transformation: Splitted data into training and test sets]
[2025-12-06 11:54:00,215: INFO: data_transformation: (1199, 12)]
[2025-12-06 11:54:00,215: INFO: data_transformation: (400, 12)]
[2025-12-06 11:54:00,215: INFO: main: >>>>>> stage Data Transformation Stage completed <<<<<<

x==========x]
[2025-12-06 11:54:00,219: INFO: main: >>>>>> stage ModelTrainer Stage started <<<<<<]
[2025-12-06 11:54:00,220: INFO: common: yaml file: config\config.yaml loaded successfully]
[2025-12-06 11:54:00,222: INFO: common: yaml file: params.yaml loaded successfully]
[2025-12-06 11:54:00,227: INFO: common: yaml file: schema.yaml loaded successfully]
[2025-12-06 11:54:00,227: INFO: common: created directory at: artifacts]
[2025-12-06 11:54:00,228: INFO: common: created directory at: artifacts/model_trainer]
[2025-12-06 11:54:46,352: INFO: model_trainer: All models saved at: artifacts/model_trainer\all_models.joblib]
[2025-12-06 11:54:46,361: INFO: model_trainer: Best model (XGBoost) saved at: artifacts/model_trainer\best_model.joblib]
[2025-12-06 11:54:46,361: INFO: model_trainer: Best model: XGBoost with RMSE=0.5572122416242139]
[2025-12-06 11:54:46,376: ERROR: main: tuple index out of range]
Traceback (most recent call last):
  File "C:\Users\Lenovo\Desktop\student-performance-prediction\main.py", line 42, in <module>
    model_trainer.initiate_model_training()
  File "C:\Users\Lenovo\Desktop\student-performance-prediction\src\datascience\pipeline\model_trainer.py", line 17, in initiate_model_training
    logger.info(f"Best model from training stage: {best_model[0]} with RMSE={best_model[2]}")
                                                                             ~~~~~~~~~~^^^
IndexError: tuple index out of range
